<?xml version="1.0" encoding="UTF-8"?>
<!-- Generated by org.testng.reporters.JUnitReportReporter -->
<testsuite skipped="0" hostname="hpWindows8" name="MavenPro.FirstArtft.RestassuredTest" tests="2" failures="0" timestamp="2021-07-15T20:23:39 IST" time="0.041" errors="0">
  <testcase name="Domestic" time="0.037" classname="MavenPro.FirstArtft.RestassuredTest"/>
  <system-out/>
  <testcase name="wild" time="0.004" classname="MavenPro.FirstArtft.RestassuredTest"/>
  <system-out/>
</testsuite> <!-- MavenPro.FirstArtft.RestassuredTest -->
